<?xml version="1.0" encoding="UTF-8"?>
<!-- Generated by org.testng.reporters.JUnitXMLReporter -->
<testsuite ignored="0" hostname="Suksha-Roshan" failures="0" tests="9" name="Surefire test" time="11.911" errors="0" timestamp="2024-02-19T08:57:07 IST">
  <testcase classname="com.saucedemo.tests.TestCases" name="loginPageTitleTest" time="0.043"/>
  <testcase classname="com.saucedemo.tests.TestCases" name="loginPageUrlTest" time="0.002"/>
  <testcase classname="com.saucedemo.tests.TestCases" name="homePageUrlTest" time="0.43"/>
  <testcase classname="com.saucedemo.tests.TestCases" name="addLeastExpensiveProductTest" time="0.353"/>
  <testcase classname="com.saucedemo.tests.TestCases" name="addMostExpensiveProductTest" time="0.12"/>
  <testcase classname="com.saucedemo.tests.TestCases" name="productNameTest" time="0.168"/>
  <testcase classname="com.saucedemo.tests.TestCases" name="checkoutTest" time="0.275"/>
  <testcase classname="com.saucedemo.tests.TestCases" name="priceAndTaxVerifier" time="0.156"/>
  <testcase classname="com.saucedemo.tests.TestCases" name="completeCheckoutTest" time="0.128"/>
</testsuite> <!-- Surefire test -->
