<?xml version="1.0" encoding="UTF-8"?>
<!-- Generated by org.testng.reporters.JUnitXMLReporter -->
<testsuite ignored="0" hostname="Suksha-Roshan" failures="0" tests="9" name="Surefire test" time="12.602" errors="0" timestamp="2024-02-19T01:10:24 IST">
  <testcase classname="com.saucedemo.tests.TestCases" name="loginPageTitleTest" time="0.012"/>
  <testcase classname="com.saucedemo.tests.TestCases" name="loginPageUrlTest" time="0.0"/>
  <testcase classname="com.saucedemo.tests.TestCases" name="homePageUrlTest" time="0.181"/>
  <testcase classname="com.saucedemo.tests.TestCases" name="addLeastExpensiveProductTest" time="0.098"/>
  <testcase classname="com.saucedemo.tests.TestCases" name="addMostExpensiveProductTest" time="0.053"/>
  <testcase classname="com.saucedemo.tests.TestCases" name="productNameTest" time="0.073"/>
  <testcase classname="com.saucedemo.tests.TestCases" name="checkoutTest" time="0.1"/>
  <testcase classname="com.saucedemo.tests.TestCases" name="priceAndTaxVerifier" time="0.076"/>
  <testcase classname="com.saucedemo.tests.TestCases" name="completeCheckoutTest" time="0.05"/>
</testsuite> <!-- Surefire test -->
