<?xml version="1.0" encoding="UTF-8"?>
<!-- Generated by org.testng.reporters.JUnitXMLReporter -->
<testsuite ignored="0" hostname="Suksha-Roshan" failures="1" tests="1" name="SauceDemo Cart Page Test" time="32.168" errors="0" timestamp="2024-02-18T20:07:38 IST">
  <testcase classname="com.saucedemo.tests.CartPageTest" name="productNameTest" time="30.022">
    <failure type="com.microsoft.playwright.TimeoutError" message="Error {
  message=&amp;apos;Timeout 30000ms exceeded.
  name=&amp;apos;TimeoutError
  stack=&amp;apos;TimeoutError: Timeout 30000ms exceeded.
    at ProgressController.run (C:\Users\91966\AppData\Local\Temp\playwright-java-10584183627450239984\package\lib\server\progress.js:87:26)
    at Frame._callOnElementOnceMatches (C:\Users\91966\AppData\Local\Temp\playwright-java-10584183627450239984\package\lib\server\frames.js:1399:23)
    at Frame.textContent (C:\Users\91966\AppData\Local\Temp\playwright-java-10584183627450239984\package\lib\server\frames.js:1056:17)
    at FrameDispatcher.textContent (C:\Users\91966\AppData\Local\Temp\playwright-java-10584183627450239984\package\lib\server\dispatchers\frameDispatcher.js:179:37)
    at FrameDispatcher._handleCommand (C:\Users\91966\AppData\Local\Temp\playwright-java-10584183627450239984\package\lib\server\dispatchers\dispatcher.js:94:40)
    at DispatcherConnection.dispatch (C:\Users\91966\AppData\Local\Temp\playwright-java-10584183627450239984\package\lib\server\dispatchers\dispatcher.js:362:39)
}
Call log:
- waiting for locator(&amp;quot;//a[@href=&amp;apos;#&amp;apos;]/child::div&amp;quot;).nth(1)
">
      <![CDATA[com.microsoft.playwright.TimeoutError: Error {
  message='Timeout 30000ms exceeded.
  name='TimeoutError
  stack='TimeoutError: Timeout 30000ms exceeded.
    at ProgressController.run (C:\Users\91966\AppData\Local\Temp\playwright-java-10584183627450239984\package\lib\server\progress.js:87:26)
    at Frame._callOnElementOnceMatches (C:\Users\91966\AppData\Local\Temp\playwright-java-10584183627450239984\package\lib\server\frames.js:1399:23)
    at Frame.textContent (C:\Users\91966\AppData\Local\Temp\playwright-java-10584183627450239984\package\lib\server\frames.js:1056:17)
    at FrameDispatcher.textContent (C:\Users\91966\AppData\Local\Temp\playwright-java-10584183627450239984\package\lib\server\dispatchers\frameDispatcher.js:179:37)
    at FrameDispatcher._handleCommand (C:\Users\91966\AppData\Local\Temp\playwright-java-10584183627450239984\package\lib\server\dispatchers\dispatcher.js:94:40)
    at DispatcherConnection.dispatch (C:\Users\91966\AppData\Local\Temp\playwright-java-10584183627450239984\package\lib\server\dispatchers\dispatcher.js:362:39)
}
Call log:
- waiting for locator("//a[@href='#']/child::div").nth(1)

at com.microsoft.playwright.impl.WaitableResult.get(WaitableResult.java:52)
at com.microsoft.playwright.impl.ChannelOwner.runUntil(ChannelOwner.java:120)
at com.microsoft.playwright.impl.Connection.sendMessage(Connection.java:129)
at com.microsoft.playwright.impl.ChannelOwner.sendMessage(ChannelOwner.java:106)
at com.microsoft.playwright.impl.FrameImpl.textContentImpl(FrameImpl.java:818)
at com.microsoft.playwright.impl.FrameImpl.lambda$textContent$38(FrameImpl.java:809)
at com.microsoft.playwright.impl.LoggingSupport.withLogging(LoggingSupport.java:47)
at com.microsoft.playwright.impl.ChannelOwner.withLogging(ChannelOwner.java:89)
at com.microsoft.playwright.impl.FrameImpl.textContent(FrameImpl.java:809)
at com.microsoft.playwright.impl.LocatorImpl.textContent(LocatorImpl.java:566)
at com.microsoft.playwright.Locator.textContent(Locator.java:5090)
at com.saucedemo.pages.CartPage.getProductName(CartPage.java:33)
at com.saucedemo.tests.CartPageTest.productNameTest(CartPageTest.java:13)
at java.base/jdk.internal.reflect.NativeMethodAccessorImpl.invoke0(Native Method)
at java.base/jdk.internal.reflect.NativeMethodAccessorImpl.invoke(NativeMethodAccessorImpl.java:77)
at java.base/jdk.internal.reflect.DelegatingMethodAccessorImpl.invoke(DelegatingMethodAccessorImpl.java:43)
at java.base/java.lang.reflect.Method.invoke(Method.java:568)
at org.testng.internal.invokers.MethodInvocationHelper.invokeMethod(MethodInvocationHelper.java:139)
at org.testng.internal.invokers.TestInvoker.invokeMethod(TestInvoker.java:664)
at org.testng.internal.invokers.TestInvoker.invokeTestMethod(TestInvoker.java:228)
at org.testng.internal.invokers.MethodRunner.runInSequence(MethodRunner.java:63)
at org.testng.internal.invokers.TestInvoker$MethodInvocationAgent.invoke(TestInvoker.java:961)
at org.testng.internal.invokers.TestInvoker.invokeTestMethods(TestInvoker.java:201)
at org.testng.internal.invokers.TestMethodWorker.invokeTestMethods(TestMethodWorker.java:148)
at org.testng.internal.invokers.TestMethodWorker.run(TestMethodWorker.java:128)
at java.base/java.util.ArrayList.forEach(ArrayList.java:1511)
at org.testng.TestRunner.privateRun(TestRunner.java:819)
at org.testng.TestRunner.run(TestRunner.java:619)
at org.testng.SuiteRunner.runTest(SuiteRunner.java:443)
at org.testng.SuiteRunner.runSequentially(SuiteRunner.java:437)
at org.testng.SuiteRunner.privateRun(SuiteRunner.java:397)
at org.testng.SuiteRunner.run(SuiteRunner.java:336)
at org.testng.SuiteRunnerWorker.runSuite(SuiteRunnerWorker.java:52)
at org.testng.SuiteRunnerWorker.run(SuiteRunnerWorker.java:95)
at org.testng.TestNG.runSuitesSequentially(TestNG.java:1301)
at org.testng.TestNG.runSuitesLocally(TestNG.java:1228)
at org.testng.TestNG.runSuites(TestNG.java:1134)
at org.testng.TestNG.run(TestNG.java:1101)
at org.testng.remote.AbstractRemoteTestNG.run(AbstractRemoteTestNG.java:115)
at org.testng.remote.RemoteTestNG.initAndRun(RemoteTestNG.java:251)
at org.testng.remote.RemoteTestNG.main(RemoteTestNG.java:77)
Caused by: com.microsoft.playwright.TimeoutError: Error {
  message='Timeout 30000ms exceeded.
  name='TimeoutError
  stack='TimeoutError: Timeout 30000ms exceeded.
    at ProgressController.run (C:\Users\91966\AppData\Local\Temp\playwright-java-10584183627450239984\package\lib\server\progress.js:87:26)
    at Frame._callOnElementOnceMatches (C:\Users\91966\AppData\Local\Temp\playwright-java-10584183627450239984\package\lib\server\frames.js:1399:23)
    at Frame.textContent (C:\Users\91966\AppData\Local\Temp\playwright-java-10584183627450239984\package\lib\server\frames.js:1056:17)
    at FrameDispatcher.textContent (C:\Users\91966\AppData\Local\Temp\playwright-java-10584183627450239984\package\lib\server\dispatchers\frameDispatcher.js:179:37)
    at FrameDispatcher._handleCommand (C:\Users\91966\AppData\Local\Temp\playwright-java-10584183627450239984\package\lib\server\dispatchers\dispatcher.js:94:40)
    at DispatcherConnection.dispatch (C:\Users\91966\AppData\Local\Temp\playwright-java-10584183627450239984\package\lib\server\dispatchers\dispatcher.js:362:39)
}
Call log:
- waiting for locator("//a[@href='#']/child::div").nth(1)

at com.microsoft.playwright.impl.Connection.dispatch(Connection.java:252)
at com.microsoft.playwright.impl.Connection.processOneMessage(Connection.java:209)
at com.microsoft.playwright.impl.ChannelOwner.runUntil(ChannelOwner.java:118)
... 39 more
]]>
    </failure>
  </testcase> <!-- productNameTest -->
</testsuite> <!-- SauceDemo Cart Page Test -->
