<?xml version="1.0" encoding="UTF-8"?>
<!-- Generated by org.testng.reporters.JUnitXMLReporter -->
<testsuite ignored="0" hostname="Suksha-Roshan" failures="0" tests="9" name="SauceDemo Cart Test Cases" time="13.404" errors="0" timestamp="2024-02-19T00:59:53 IST">
  <testcase classname="com.saucedemo.tests.TestCases" name="loginPageTitleTest" time="0.017"/>
  <testcase classname="com.saucedemo.tests.TestCases" name="loginPageUrlTest" time="0.002"/>
  <testcase classname="com.saucedemo.tests.TestCases" name="homePageUrlTest" time="0.174"/>
  <testcase classname="com.saucedemo.tests.TestCases" name="addLeastExpensiveProductTest" time="0.144"/>
  <testcase classname="com.saucedemo.tests.TestCases" name="addMostExpensiveProductTest" time="0.09"/>
  <testcase classname="com.saucedemo.tests.TestCases" name="productNameTest" time="0.087"/>
  <testcase classname="com.saucedemo.tests.TestCases" name="checkoutTest" time="0.09"/>
  <testcase classname="com.saucedemo.tests.TestCases" name="priceAndTaxVerifier" time="0.066"/>
  <testcase classname="com.saucedemo.tests.TestCases" name="completeCheckoutTest" time="0.055"/>
</testsuite> <!-- SauceDemo Cart Test Cases -->
