<?xml version="1.0" encoding="UTF-8"?>
<!-- Generated by org.testng.reporters.JUnitXMLReporter -->
<testsuite ignored="0" hostname="Suksha-Roshan" failures="0" tests="9" name="Default test" time="12.951" errors="0" timestamp="2024-02-18T23:56:40 IST">
  <testcase classname="com.saucedemo.tests.TestCases" name="loginPageTitleTest" time="0.04"/>
  <testcase classname="com.saucedemo.tests.TestCases" name="loginPageUrlTest" time="0.004"/>
  <testcase classname="com.saucedemo.tests.TestCases" name="homePageUrlTest" time="0.454"/>
  <testcase classname="com.saucedemo.tests.TestCases" name="addLeastExpensiveProductTest" time="0.265"/>
  <testcase classname="com.saucedemo.tests.TestCases" name="addMostExpensiveProductTest" time="0.101"/>
  <testcase classname="com.saucedemo.tests.TestCases" name="productNameTest" time="0.119"/>
  <testcase classname="com.saucedemo.tests.TestCases" name="checkoutTest" time="0.275"/>
  <testcase classname="com.saucedemo.tests.TestCases" name="priceAndTaxVerifier" time="0.152"/>
  <testcase classname="com.saucedemo.tests.TestCases" name="completeCheckoutTest" time="0.121"/>
</testsuite> <!-- Default test -->
