<?xml version="1.0" encoding="UTF-8"?>
<testng-results ignored="0" total="9" passed="9" failed="0" skipped="0">
  <reporter-output>
  </reporter-output>
  <suite started-at="2024-02-19T08:56:55 IST" name="Surefire suite" finished-at="2024-02-19T08:57:07 IST" duration-ms="11911">
    <groups>
    </groups>
    <test started-at="2024-02-19T08:56:55 IST" name="Surefire test" finished-at="2024-02-19T08:57:07 IST" duration-ms="11911">
      <class name="com.saucedemo.tests.TestCases">
        <test-method is-config="true" signature="setup()[pri:0, instance:com.saucedemo.tests.TestCases@482bce4f]" started-at="2024-02-19T08:56:55 IST" name="setup" finished-at="2024-02-19T08:57:04 IST" duration-ms="9742" status="PASS">
          <reporter-output>
          </reporter-output>
        </test-method> <!-- setup -->
        <test-method signature="loginPageTitleTest()[pri:1, instance:com.saucedemo.tests.TestCases@482bce4f]" started-at="2024-02-19T08:57:05 IST" name="loginPageTitleTest" finished-at="2024-02-19T08:57:05 IST" duration-ms="43" status="PASS">
          <reporter-output>
          </reporter-output>
        </test-method> <!-- loginPageTitleTest -->
        <test-method signature="loginPageUrlTest()[pri:2, instance:com.saucedemo.tests.TestCases@482bce4f]" started-at="2024-02-19T08:57:05 IST" name="loginPageUrlTest" finished-at="2024-02-19T08:57:05 IST" duration-ms="2" status="PASS">
          <reporter-output>
          </reporter-output>
        </test-method> <!-- loginPageUrlTest -->
        <test-method signature="homePageUrlTest()[pri:3, instance:com.saucedemo.tests.TestCases@482bce4f]" started-at="2024-02-19T08:57:05 IST" name="homePageUrlTest" finished-at="2024-02-19T08:57:05 IST" duration-ms="430" status="PASS">
          <reporter-output>
          </reporter-output>
        </test-method> <!-- homePageUrlTest -->
        <test-method signature="addLeastExpensiveProductTest()[pri:4, instance:com.saucedemo.tests.TestCases@482bce4f]" started-at="2024-02-19T08:57:05 IST" name="addLeastExpensiveProductTest" finished-at="2024-02-19T08:57:05 IST" depends-on-methods="com.saucedemo.tests.TestCases.loginPageUrlTest" duration-ms="353" status="PASS">
          <reporter-output>
          </reporter-output>
        </test-method> <!-- addLeastExpensiveProductTest -->
        <test-method signature="addMostExpensiveProductTest()[pri:5, instance:com.saucedemo.tests.TestCases@482bce4f]" started-at="2024-02-19T08:57:05 IST" name="addMostExpensiveProductTest" finished-at="2024-02-19T08:57:06 IST" depends-on-methods="com.saucedemo.tests.TestCases.loginPageUrlTest" duration-ms="120" status="PASS">
          <reporter-output>
          </reporter-output>
        </test-method> <!-- addMostExpensiveProductTest -->
        <test-method signature="productNameTest()[pri:6, instance:com.saucedemo.tests.TestCases@482bce4f]" started-at="2024-02-19T08:57:06 IST" name="productNameTest" finished-at="2024-02-19T08:57:06 IST" duration-ms="168" status="PASS">
          <reporter-output>
          </reporter-output>
        </test-method> <!-- productNameTest -->
        <test-method signature="checkoutTest()[pri:7, instance:com.saucedemo.tests.TestCases@482bce4f]" started-at="2024-02-19T08:57:06 IST" name="checkoutTest" finished-at="2024-02-19T08:57:06 IST" duration-ms="275" status="PASS">
          <reporter-output>
          </reporter-output>
        </test-method> <!-- checkoutTest -->
        <test-method signature="priceAndTaxVerifier()[pri:8, instance:com.saucedemo.tests.TestCases@482bce4f]" started-at="2024-02-19T08:57:06 IST" name="priceAndTaxVerifier" finished-at="2024-02-19T08:57:06 IST" duration-ms="156" status="PASS">
          <reporter-output>
          </reporter-output>
        </test-method> <!-- priceAndTaxVerifier -->
        <test-method signature="completeCheckoutTest()[pri:9, instance:com.saucedemo.tests.TestCases@482bce4f]" started-at="2024-02-19T08:57:06 IST" name="completeCheckoutTest" finished-at="2024-02-19T08:57:06 IST" duration-ms="128" status="PASS">
          <reporter-output>
          </reporter-output>
        </test-method> <!-- completeCheckoutTest -->
        <test-method is-config="true" signature="tearDown()[pri:0, instance:com.saucedemo.tests.TestCases@482bce4f]" started-at="2024-02-19T08:57:06 IST" name="tearDown" finished-at="2024-02-19T08:57:07 IST" duration-ms="349" status="PASS">
          <reporter-output>
          </reporter-output>
        </test-method> <!-- tearDown -->
      </class> <!-- com.saucedemo.tests.TestCases -->
    </test> <!-- Surefire test -->
  </suite> <!-- Surefire suite -->
</testng-results>
