<?xml version="1.0" encoding="UTF-8"?>
<testsuite xmlns:xsi="http://www.w3.org/2001/XMLSchema-instance" xsi:noNamespaceSchemaLocation="https://maven.apache.org/surefire/maven-surefire-plugin/xsd/surefire-test-report-3.0.xsd" version="3.0" name="com.saucedemo.tests.TestCases" time="12.676" tests="9" errors="0" skipped="0" failures="0">
  <properties>
[...]
</properties>
  <testcase name="loginPageTitleTest" classname="com.saucedemo.tests.TestCases" time="0.044">
    <system-out><![CDATA[Browser name is :chrome
Login page Title is : Swag Labs
]]></system-out>
    <system-err><![CDATA[SLF4J: Failed to load class "org.slf4j.impl.StaticLoggerBinder".
SLF4J: Defaulting to no-operation (NOP) logger implementation
SLF4J: See http://www.slf4j.org/codes.html#StaticLoggerBinder for further details.
]]></system-err>
  </testcase>
  <testcase name="loginPageUrlTest" classname="com.saucedemo.tests.TestCases" time="0.003">
    <system-out><![CDATA[Before loing page URL is : https://www.saucedemo.com/
]]></system-out>
  </testcase>
  <testcase name="homePageUrlTest" classname="com.saucedemo.tests.TestCases" time="0.433">
    <system-out><![CDATA[Home page Title is : https://www.saucedemo.com/inventory.html
]]></system-out>
  </testcase>
  <testcase name="addLeastExpensiveProductTest" classname="com.saucedemo.tests.TestCases" time="0.351">
    <system-out><![CDATA[$29.99
$9.99
$15.99
$49.99
$7.99
$15.99
29.99
9.99
15.99
49.99
7.99
15.99
Min price is:7.99
Index of minimum price: 4
The least expensive product name is Sauce Labs Onesie
]]></system-out>
  </testcase>
  <testcase name="addMostExpensiveProductTest" classname="com.saucedemo.tests.TestCases" time="0.122">
    <system-out><![CDATA[$29.99
$9.99
$15.99
$49.99
$7.99
$15.99
29.99
9.99
15.99
49.99
7.99
15.99
Max price is:49.99
Index of maximum price: 3
The most expensive product name is Sauce Labs Fleece Jacket
]]></system-out>
  </testcase>
  <testcase name="productNameTest" classname="com.saucedemo.tests.TestCases" time="0.168"/>
  <testcase name="checkoutTest" classname="com.saucedemo.tests.TestCases" time="0.278">
    <system-out><![CDATA[Checkout page Title is : https://www.saucedemo.com/checkout-step-one.html
]]></system-out>
  </testcase>
  <testcase name="priceAndTaxVerifier" classname="com.saucedemo.tests.TestCases" time="0.157">
    <system-out><![CDATA[Combined total price and tax rate equate to 8%
]]></system-out>
  </testcase>
  <testcase name="completeCheckoutTest" classname="com.saucedemo.tests.TestCases" time="0.128"/>
</testsuite>