<?xml version="1.0" encoding="UTF-8"?>
<testng-results ignored="0" total="9" passed="9" failed="0" skipped="0">
  <reporter-output>
  </reporter-output>
  <suite started-at="2024-02-19T00:59:39 IST" name="SauceDemo PW Suite" finished-at="2024-02-19T00:59:52 IST" duration-ms="13404">
    <groups>
    </groups>
    <test started-at="2024-02-19T00:59:39 IST" name="SauceDemo Cart Test Cases" finished-at="2024-02-19T00:59:52 IST" duration-ms="13404">
      <class name="com.saucedemo.tests.TestCases">
        <test-method is-config="true" signature="setup()[pri:0, instance:com.saucedemo.tests.TestCases@d9345cd]" started-at="2024-02-19T00:59:39 IST" name="setup" finished-at="2024-02-19T00:59:52 IST" duration-ms="12211" status="PASS">
          <reporter-output>
          </reporter-output>
        </test-method> <!-- setup -->
        <test-method signature="loginPageTitleTest()[pri:1, instance:com.saucedemo.tests.TestCases@d9345cd]" started-at="2024-02-19T00:59:52 IST" name="loginPageTitleTest" finished-at="2024-02-19T00:59:52 IST" duration-ms="17" status="PASS">
          <reporter-output>
          </reporter-output>
        </test-method> <!-- loginPageTitleTest -->
        <test-method signature="loginPageUrlTest()[pri:2, instance:com.saucedemo.tests.TestCases@d9345cd]" started-at="2024-02-19T00:59:52 IST" name="loginPageUrlTest" finished-at="2024-02-19T00:59:52 IST" duration-ms="2" status="PASS">
          <reporter-output>
          </reporter-output>
        </test-method> <!-- loginPageUrlTest -->
        <test-method signature="homePageUrlTest()[pri:3, instance:com.saucedemo.tests.TestCases@d9345cd]" started-at="2024-02-19T00:59:52 IST" name="homePageUrlTest" finished-at="2024-02-19T00:59:52 IST" duration-ms="174" status="PASS">
          <reporter-output>
          </reporter-output>
        </test-method> <!-- homePageUrlTest -->
        <test-method signature="addLeastExpensiveProductTest()[pri:4, instance:com.saucedemo.tests.TestCases@d9345cd]" started-at="2024-02-19T00:59:52 IST" name="addLeastExpensiveProductTest" finished-at="2024-02-19T00:59:52 IST" depends-on-methods="com.saucedemo.tests.TestCases.loginPageUrlTest" duration-ms="144" status="PASS">
          <reporter-output>
          </reporter-output>
        </test-method> <!-- addLeastExpensiveProductTest -->
        <test-method signature="addMostExpensiveProductTest()[pri:5, instance:com.saucedemo.tests.TestCases@d9345cd]" started-at="2024-02-19T00:59:52 IST" name="addMostExpensiveProductTest" finished-at="2024-02-19T00:59:52 IST" depends-on-methods="com.saucedemo.tests.TestCases.loginPageUrlTest" duration-ms="90" status="PASS">
          <reporter-output>
          </reporter-output>
        </test-method> <!-- addMostExpensiveProductTest -->
        <test-method signature="productNameTest()[pri:6, instance:com.saucedemo.tests.TestCases@d9345cd]" started-at="2024-02-19T00:59:52 IST" name="productNameTest" finished-at="2024-02-19T00:59:52 IST" duration-ms="87" status="PASS">
          <reporter-output>
          </reporter-output>
        </test-method> <!-- productNameTest -->
        <test-method signature="checkoutTest()[pri:7, instance:com.saucedemo.tests.TestCases@d9345cd]" started-at="2024-02-19T00:59:52 IST" name="checkoutTest" finished-at="2024-02-19T00:59:52 IST" duration-ms="90" status="PASS">
          <reporter-output>
          </reporter-output>
        </test-method> <!-- checkoutTest -->
        <test-method signature="priceAndTaxVerifier()[pri:8, instance:com.saucedemo.tests.TestCases@d9345cd]" started-at="2024-02-19T00:59:52 IST" name="priceAndTaxVerifier" finished-at="2024-02-19T00:59:52 IST" duration-ms="66" status="PASS">
          <reporter-output>
          </reporter-output>
        </test-method> <!-- priceAndTaxVerifier -->
        <test-method signature="completeCheckoutTest()[pri:9, instance:com.saucedemo.tests.TestCases@d9345cd]" started-at="2024-02-19T00:59:52 IST" name="completeCheckoutTest" finished-at="2024-02-19T00:59:52 IST" duration-ms="55" status="PASS">
          <reporter-output>
          </reporter-output>
        </test-method> <!-- completeCheckoutTest -->
        <test-method is-config="true" signature="tearDown()[pri:0, instance:com.saucedemo.tests.TestCases@d9345cd]" started-at="2024-02-19T00:59:52 IST" name="tearDown" finished-at="2024-02-19T00:59:52 IST" duration-ms="183" status="PASS">
          <reporter-output>
          </reporter-output>
        </test-method> <!-- tearDown -->
      </class> <!-- com.saucedemo.tests.TestCases -->
    </test> <!-- SauceDemo Cart Test Cases -->
  </suite> <!-- SauceDemo PW Suite -->
</testng-results>
